2016-12-09 16:08:10 not specify jar fileC:\Users\djn1\Desktop\12\2016-12-09\shop-service-1.0.0-SNAPSHOT.jar
2016-12-09 16:11:25 jar file path£ºC:\Users\djn1\Desktop\12\2016-12-09\shop-service-1.0.0-SNAPSHOT.jar
2016-12-09 16:11:25 C:\Users\djn1\Desktop\12\2016-12-09/temp/META-INF/spring/dubbo-shop-provider.xml
2016-12-09 16:11:26 jar file path£ºC:\Users\djn1\Desktop\08\2016-08-23\shop-service-1.0.0-SNAPSHOT.jar
2016-12-09 16:11:26 C:\Users\djn1\Desktop/temp/META-INF/spring/dubbo-shop-provider.xml
2016-12-09 16:11:26 jar file path£ºC:\Users\djn1\Desktop\12\2016-12-09\shop-service-1.0.0-SNAPSHOT.jar
2016-12-09 16:11:26 C:\Users\djn1\Desktop\12\2016-12-09/temp/META-INF/spring/dubbo-shop-provider.xml
2016-12-09 16:11:26 backup source file: source C:\Users\djn1\Desktop\12\2016-12-09\shop-service-1.0.0-SNAPSHOT.jar  destination: C:\Users\djn1\Desktop\12\2016-12-09\shop-service-1.0.0-SNAPSHOT.jar.bak
2016-12-09 16:11:26 jar file path£ºC:\Users\djn1\Desktop\12\2016-12-09\shop-service-1.0.0-SNAPSHOT.jar
2016-12-09 16:11:26 compress file: C:\Users\djn1\Desktop\12\2016-12-09\shop-service-1.0.0-SNAPSHOT.jar
2016-12-09 16:11:26 delete temp directoryC:\Users\djn1\Desktop\12\2016-12-09\temp
2016-12-09 16:11:26 delete temp fileC:\Users\djn1\Desktop\xml_temp.xml
2016-12-09 16:11:26 delete temp directoryC:\Users\djn1\Desktop\temp
2016-12-09 16:19:23 jar file path£ºC:\Users\djn1\Desktop\12\2016-12-09\shop-service-1.0.0-SNAPSHOT.jar
2016-12-09 16:19:23 C:\Users\djn1\Desktop\12\2016-12-09/temp/META-INF/spring/dubbo-shop-provider.xml
2016-12-09 16:19:23 jar file path£ºC:\Users\djn1\Desktop\shop-service-1.0.0-SNAPSHOT.jar
2016-12-09 16:19:23 C:\Users\djn1\Desktop/temp/META-INF/spring/dubbo-shop-provider.xml
2016-12-09 16:19:23 jar file path£ºC:\Users\djn1\Desktop\12\2016-12-09\shop-service-1.0.0-SNAPSHOT.jar
2016-12-09 16:19:23 C:\Users\djn1\Desktop\12\2016-12-09/temp/META-INF/spring/dubbo-shop-provider.xml
2016-12-09 16:19:23 backup source file: source C:\Users\djn1\Desktop\12\2016-12-09\shop-service-1.0.0-SNAPSHOT.jar  destination: C:\Users\djn1\Desktop\12\2016-12-09\shop-service-1.0.0-SNAPSHOT.jar.bak
2016-12-09 16:19:23 jar file path£ºC:\Users\djn1\Desktop\12\2016-12-09\shop-service-1.0.0-SNAPSHOT.jar
2016-12-09 16:19:24 delete temp directoryC:\Users\djn1\Desktop\12\2016-12-09\temp
2016-12-09 16:19:25 delete temp fileC:\Users\djn1\Desktop\xml_temp.xml
2016-12-09 16:19:25 delete temp directoryC:\Users\djn1\Desktop\temp
2016-12-09 16:21:13 jar file path£ºC:\Users\djn1\Desktop\12\2016-12-09\shop-service-1.0.0-SNAPSHOT.jar
2016-12-09 16:21:13 delete temp directoryC:\Users\djn1\Desktop\12\2016-12-09\temp
2016-12-09 16:27:02 jar file path£ºC:\Users\djn1\Desktop\12\2016-12-09\shop-service-1.0.0-SNAPSHOT.jar
2016-12-09 16:27:02 C:\Users\djn1\Desktop\12\2016-12-09/temp/META-INF/spring/dubbo-shop-provider.xml
2016-12-09 16:27:02 jar file path£ºC:\Users\djn1\Desktop\shop-service-1.0.0-SNAPSHOT.jar
2016-12-09 16:27:02 C:\Users\djn1\Desktop/temp/META-INF/spring/dubbo-shop-provider.xml
2016-12-09 16:27:02 jar file path£ºC:\Users\djn1\Desktop\12\2016-12-09\shop-service-1.0.0-SNAPSHOT.jar
2016-12-09 16:27:02 C:\Users\djn1\Desktop\12\2016-12-09/temp/META-INF/spring/dubbo-shop-provider.xml
2016-12-09 16:27:02 backup source file: source C:\Users\djn1\Desktop\12\2016-12-09\shop-service-1.0.0-SNAPSHOT.jar  destination: C:\Users\djn1\Desktop\12\2016-12-09\shop-service-1.0.0-SNAPSHOT.jar.bak
2016-12-09 16:27:02 jar file path£ºC:\Users\djn1\Desktop\12\2016-12-09\shop-service-1.0.0-SNAPSHOT.jar
2016-12-09 16:27:03 delete temp directoryC:\Users\djn1\Desktop\12\2016-12-09\temp
2016-12-09 16:27:03 delete temp fileC:\Users\djn1\Desktop\xml_temp.xml
2016-12-09 16:27:03 delete temp directoryC:\Users\djn1\Desktop\temp
2016-12-09 16:27:27 jar file path£ºC:\Users\djn1\Desktop\12\2016-12-09\shop-service-1.0.0-SNAPSHOT.jar
2016-12-09 16:27:27 delete temp directoryC:\Users\djn1\Desktop\12\2016-12-09\temp
2016-12-09 16:29:09 jar file path£ºC:\Users\djn1\Desktop\12\2016-12-09\shop-service-1.0.0-SNAPSHOT.jar
2016-12-09 16:29:10 C:\Users\djn1\Desktop\12\2016-12-09/temp/META-INF/spring/dubbo-shop-provider.xml
2016-12-09 16:29:10 jar file path£ºC:\Users\djn1\Desktop\shop-service-1.0.0-SNAPSHOT.jar
2016-12-09 16:29:10 C:\Users\djn1\Desktop/temp/META-INF/spring/dubbo-shop-provider.xml
2016-12-09 16:29:10 jar file path£ºC:\Users\djn1\Desktop\12\2016-12-09\shop-service-1.0.0-SNAPSHOT.jar
2016-12-09 16:29:10 C:\Users\djn1\Desktop\12\2016-12-09/temp/META-INF/spring/dubbo-shop-provider.xml
2016-12-09 16:29:10 jar file path£ºC:\Users\djn1\Desktop\12\2016-12-09\shop-service-1.0.0-SNAPSHOT.jar
2016-12-09 16:29:10 delete temp directoryC:\Users\djn1\Desktop\12\2016-12-09\temp
2016-12-09 16:29:10 delete temp fileC:\Users\djn1\Desktop\xml_temp.xml
2016-12-09 16:29:10 delete temp directoryC:\Users\djn1\Desktop\temp
2016-12-09 16:29:16 jar file path£ºC:\Users\djn1\Desktop\12\2016-12-09\shop-service-1.0.0-SNAPSHOT.jar
2016-12-09 16:29:16 delete temp directoryC:\Users\djn1\Desktop\12\2016-12-09\temp
2016-12-09 16:29:20 jar file path£ºC:\Users\djn1\Desktop\12\2016-12-09\shop-service-1.0.0-SNAPSHOT.jar
2016-12-09 16:29:20 C:\Users\djn1\Desktop\12\2016-12-09/temp/META-INF/spring/dubbo-shop-provider.xml
2016-12-09 16:29:20 jar file path£ºC:\Users\djn1\Desktop\shop-service-1.0.0-SNAPSHOT.jar
2016-12-09 16:29:20 C:\Users\djn1\Desktop/temp/META-INF/spring/dubbo-shop-provider.xml
2016-12-09 16:29:20 jar file path£ºC:\Users\djn1\Desktop\12\2016-12-09\shop-service-1.0.0-SNAPSHOT.jar
2016-12-09 16:29:20 C:\Users\djn1\Desktop\12\2016-12-09/temp/META-INF/spring/dubbo-shop-provider.xml
2016-12-09 16:29:20 jar file path£ºC:\Users\djn1\Desktop\12\2016-12-09\shop-service-1.0.0-SNAPSHOT.jar
2016-12-09 16:29:21 delete temp directoryC:\Users\djn1\Desktop\12\2016-12-09\temp
2016-12-09 16:29:21 delete temp fileC:\Users\djn1\Desktop\xml_temp.xml
2016-12-09 16:29:21 delete temp directoryC:\Users\djn1\Desktop\temp
2016-12-09 16:31:08 jar file path£ºC:\Users\djn1\Desktop\12\2016-12-09\shop-service-1.0.0-SNAPSHOT.jar
2016-12-09 16:31:08 delete temp directoryC:\Users\djn1\Desktop\12\2016-12-09\temp
2016-12-09 16:31:35 jar file path£ºC:\Users\djn1\Desktop\12\2016-12-09\shop-service-1.0.0-SNAPSHOT.jar
2016-12-09 16:31:35 C:\Users\djn1\Desktop\12\2016-12-09/temp/META-INF/spring/dubbo-shop-provider.xml
2016-12-09 16:31:35 jar file path£ºC:\Users\djn1\Desktop\shop-service-1.0.0-SNAPSHOT.jar
2016-12-09 16:31:35 C:\Users\djn1\Desktop/temp/META-INF/spring/dubbo-shop-provider.xml
2016-12-09 16:31:35 jar file path£ºC:\Users\djn1\Desktop\12\2016-12-09\shop-service-1.0.0-SNAPSHOT.jar
2016-12-09 16:31:35 C:\Users\djn1\Desktop\12\2016-12-09/temp/META-INF/spring/dubbo-shop-provider.xml
2016-12-09 16:31:35 jar file path£ºC:\Users\djn1\Desktop\12\2016-12-09\shop-service-1.0.0-SNAPSHOT.jar
2016-12-09 16:31:36 delete temp directoryC:\Users\djn1\Desktop\12\2016-12-09\temp
2016-12-09 16:31:36 delete temp fileC:\Users\djn1\Desktop\xml_temp.xml
2016-12-09 16:31:36 delete temp directoryC:\Users\djn1\Desktop\temp
2016-12-09 16:38:13 jar file path£ºC:\Users\djn1\Desktop\12\2016-12-09\shop-service-1.0.0-SNAPSHOT.jar
2016-12-09 16:38:13 C:\Users\djn1\Desktop\12\2016-12-09/temp/META-INF/spring/dubbo-shop-provider.xml
2016-12-09 16:38:13 jar file path£ºC:\Users\djn1\Desktop\shop-service-1.0.0-SNAPSHOT.jar
2016-12-09 16:38:13 C:\Users\djn1\Desktop/temp/META-INF/spring/dubbo-shop-provider.xml
2016-12-09 16:38:13 jar file path£ºC:\Users\djn1\Desktop\12\2016-12-09\shop-service-1.0.0-SNAPSHOT.jar
2016-12-09 16:38:13 C:\Users\djn1\Desktop\12\2016-12-09/temp/META-INF/spring/dubbo-shop-provider.xml
2016-12-09 16:38:13 backup source file: source C:\Users\djn1\Desktop\12\2016-12-09\shop-service-1.0.0-SNAPSHOT.jar  destination: C:\Users\djn1\Desktop\12\2016-12-09\shop-service-1.0.0-SNAPSHOT.jar.bak
2016-12-09 16:38:13 jar file path£ºC:\Users\djn1\Desktop\12\2016-12-09\shop-service-1.0.0-SNAPSHOT.jar
2016-12-09 16:38:14 delete temp directoryC:\Users\djn1\Desktop\12\2016-12-09\temp
2016-12-09 16:38:14 delete temp directoryC:\Users\djn1\Desktop\temp
2016-12-09 16:42:12 jar file path£ºC:\Users\djn1\Desktop\12\2016-12-09\shop-service-1.0.0-SNAPSHOT.jar
2016-12-09 16:42:12 delete temp directoryC:\Users\djn1\Desktop\12\2016-12-09\temp
2016-12-09 16:42:12 delete temp fileC:\Users\djn1\Desktop\xml_temp.xml
2016-12-09 16:42:15 jar file path£ºC:\Users\djn1\Desktop\12\2016-12-09\shop-service-1.0.0-SNAPSHOT.jar
2016-12-09 16:42:15 C:\Users\djn1\Desktop\12\2016-12-09/temp/META-INF/spring/dubbo-shop-provider.xml
2016-12-09 16:42:15 jar file path£ºC:\Users\djn1\Desktop\shop-service-1.0.0-SNAPSHOT.jar
2016-12-09 16:42:16 C:\Users\djn1\Desktop/temp/META-INF/spring/dubbo-shop-provider.xml
2016-12-09 16:42:16 jar file path£ºC:\Users\djn1\Desktop\12\2016-12-09\shop-service-1.0.0-SNAPSHOT.jar
2016-12-09 16:42:16 C:\Users\djn1\Desktop\12\2016-12-09/temp/META-INF/spring/dubbo-shop-provider.xml
2016-12-09 16:42:16 jar file path£ºC:\Users\djn1\Desktop\12\2016-12-09\shop-service-1.0.0-SNAPSHOT.jar
2016-12-09 16:42:16 delete temp directoryC:\Users\djn1\Desktop\12\2016-12-09\temp
2016-12-09 16:42:16 delete temp directoryC:\Users\djn1\Desktop\temp
2016-12-09 16:42:27 jar file path£ºC:\Users\djn1\Desktop\12\2016-12-09\shop-service-1.0.0-SNAPSHOT.jar
2016-12-09 16:42:27 delete temp directoryC:\Users\djn1\Desktop\12\2016-12-09\temp
2016-12-09 16:42:27 delete temp fileC:\Users\djn1\Desktop\xml_temp.xml
2016-12-09 16:42:31 jar file path£ºC:\Users\djn1\Desktop\12\2016-12-09\shop-service-1.0.0-SNAPSHOT.jar
2016-12-09 16:42:31 C:\Users\djn1\Desktop\12\2016-12-09/temp/META-INF/spring/dubbo-shop-provider.xml
2016-12-09 16:42:31 jar file path£ºC:\Users\djn1\Desktop\shop-service-1.0.0-SNAPSHOT.jar
2016-12-09 16:42:31 C:\Users\djn1\Desktop/temp/META-INF/spring/dubbo-shop-provider.xml
2016-12-09 16:42:31 jar file path£ºC:\Users\djn1\Desktop\12\2016-12-09\shop-service-1.0.0-SNAPSHOT.jar
2016-12-09 16:42:31 C:\Users\djn1\Desktop\12\2016-12-09/temp/META-INF/spring/dubbo-shop-provider.xml
2016-12-09 16:42:31 jar file path£ºC:\Users\djn1\Desktop\12\2016-12-09\shop-service-1.0.0-SNAPSHOT.jar
2016-12-09 16:42:31 delete temp directoryC:\Users\djn1\Desktop\12\2016-12-09\temp
2016-12-09 16:42:31 delete temp fileC:\Users\djn1\Desktop\xml_temp.xml
2016-12-09 16:42:31 delete temp directoryC:\Users\djn1\Desktop\temp
2016-12-09 16:58:21 jar file path£ºC:\Users\djn1\Desktop\12\2016-12-09\shop-service-1.0.0-SNAPSHOT.jar
2016-12-09 16:58:21 delete temp directoryC:\Users\djn1\Desktop\12\2016-12-09\temp
2016-12-09 16:58:25 jar file path£ºC:\Users\djn1\Desktop\12\2016-12-09\shop-service-1.0.0-SNAPSHOT.jar
2016-12-09 16:58:25 C:\Users\djn1\Desktop\12\2016-12-09/temp/META-INF/spring/dubbo-shop-provider.xml
2016-12-09 16:58:25 jar file path£ºC:\Users\djn1\Desktop\shop-service-1.0.0-SNAPSHOT.jar
2016-12-09 16:58:25 C:\Users\djn1\Desktop/temp/META-INF/spring/dubbo-shop-provider.xml
2016-12-09 16:58:25 jar file path£ºC:\Users\djn1\Desktop\12\2016-12-09\shop-service-1.0.0-SNAPSHOT.jar
2016-12-09 16:58:25 C:\Users\djn1\Desktop\12\2016-12-09/temp/META-INF/spring/dubbo-shop-provider.xml
2016-12-09 16:58:25 delete temp directoryC:\Users\djn1\Desktop\12\2016-12-09\temp
2016-12-09 16:58:25 delete temp fileC:\Users\djn1\Desktop\xml_temp.xml
2016-12-09 16:58:25 delete temp directoryC:\Users\djn1\Desktop\temp
2016-12-09 16:58:43 jar file path£ºC:\Users\djn1\Desktop\12\2016-12-09\shop-service-1.0.0-SNAPSHOT.jar
2016-12-09 16:58:43 C:\Users\djn1\Desktop\12\2016-12-09/temp/META-INF/spring/dubbo-shop-provider.xml
2016-12-09 16:58:43 jar file path£ºC:\Users\djn1\Desktop\shop-service-1.0.0-SNAPSHOT.jar
2016-12-09 16:58:44 C:\Users\djn1\Desktop/temp/META-INF/spring/dubbo-shop-provider.xml
2016-12-09 16:58:44 jar file path£ºC:\Users\djn1\Desktop\12\2016-12-09\shop-service-1.0.0-SNAPSHOT.jar
2016-12-09 16:58:44 C:\Users\djn1\Desktop\12\2016-12-09/temp/META-INF/spring/dubbo-shop-provider.xml
2016-12-09 16:58:44 jar file path£ºC:\Users\djn1\Desktop\12\2016-12-09\shop-service-1.0.0-SNAPSHOT.jar
2016-12-09 16:58:44 compress file: C:\Users\djn1\Desktop\12\2016-12-09\shop-service-1.0.0-SNAPSHOT.jar
2016-12-09 16:58:44 delete temp directoryC:\Users\djn1\Desktop\12\2016-12-09\temp
2016-12-09 16:58:44 delete temp fileC:\Users\djn1\Desktop\xml_temp.xml
2016-12-09 16:58:44 delete temp directoryC:\Users\djn1\Desktop\temp
2016-12-09 16:59:53 not specify jar fileC:\Users\djn1\Desktop\12\2016-12-09\shop-service-1.0.0-SNAPSHOT.jar
2016-12-09 16:59:53 delete temp directoryC:\Users\djn1\Desktop\12\2016-12-09\temp
2016-12-09 16:59:56 not specify jar fileC:\Users\djn1\Desktop\12\2016-12-09\shop-service-1.0.0-SNAPSHOT.jar
2016-12-09 17:00:11 jar file path£ºC:\Users\djn1\Desktop\12\2016-12-09\shop-service-1.0.0-SNAPSHOT.jar
2016-12-09 17:00:11 C:\Users\djn1\Desktop\12\2016-12-09/temp/META-INF/spring/dubbo-shop-provider.xml
2016-12-09 17:00:11 jar file path£ºC:\Users\djn1\Desktop\shop-service-1.0.0-SNAPSHOT.jar
2016-12-09 17:00:11 C:\Users\djn1\Desktop/temp/META-INF/spring/dubbo-shop-provider.xml
2016-12-09 17:00:11 jar file path£ºC:\Users\djn1\Desktop\12\2016-12-09\shop-service-1.0.0-SNAPSHOT.jar
2016-12-09 17:00:11 C:\Users\djn1\Desktop\12\2016-12-09/temp/META-INF/spring/dubbo-shop-provider.xml
2016-12-09 17:00:11 backup source file: source C:\Users\djn1\Desktop\12\2016-12-09\shop-service-1.0.0-SNAPSHOT.jar  destination: C:\Users\djn1\Desktop\12\2016-12-09\shop-service-1.0.0-SNAPSHOT.jar.bak
2016-12-09 17:00:11 jar file path£ºC:\Users\djn1\Desktop\12\2016-12-09\shop-service-1.0.0-SNAPSHOT.jar
2016-12-09 17:00:11 compress file: C:\Users\djn1\Desktop\12\2016-12-09\shop-service-1.0.0-SNAPSHOT.jar
2016-12-09 17:00:12 delete temp directoryC:\Users\djn1\Desktop\12\2016-12-09\temp
2016-12-09 17:00:12 delete temp fileC:\Users\djn1\Desktop\xml_temp.xml
2016-12-09 17:00:12 delete temp directoryC:\Users\djn1\Desktop\temp
